<?xml version="1.0" encoding="UTF-8"?>
<!-- Generated by org.testng.reporters.JUnitXMLReporter -->
<testsuite ignored="0" hostname="Mohammeds-MacBook-Pro.local" failures="0" tests="4" name="Default test" time="30.14" errors="0" timestamp="2021-08-01T23:13:56 EDT">
  <testcase classname="testScripts.phpTravelTestScript" name="testFlightTab" time="9.04"/>
  <testcase classname="testScripts.phpTravelTestScript" name="testFlightTab2" time="5.342"/>
  <testcase classname="testScripts.phpTravelTestScript" name="testHotelCheckIn" time="7.58"/>
  <testcase classname="testScripts.phpTravelTestScript" name="testTabs" time="4.573"/>
</testsuite> <!-- Default test -->
